1604322378612:help
1604322387370:add 1 2
1604322529202:exit
1604323184587:help
1604323194527:add 1 2
1604324956475:help
1604324964527:admin-mode
1604325009582:help
1604325013745:admin-mode
1604325887676:help
1604325892448:admin-mode
1604338976518:help
1604338983026:admin-mode
1604339157235:help
1604339166424:admin-mode
1604339311231:help
1604339315073:admin-mode
1604339470395:help
1604339474064:admin-mode
1604340451430:help
1604340456243:admin-mode
1604363964971:help
1604363969546:admin-mode
1604371059106:help
1604371063099:user-mode
1604371167403:admin-mode
1604371202239:user-mode
1604371343366:admin-mode
1604371379507:user-mode
1604396770231:admin-mode
1604396821850:user-mode
1604397894393:admin-mode
1604397921426:user-mode
1604397993995:admin-mode
1604398171881:user-mode
1604398252075:admin-mode
1604398284663:user-mode
1604406789647:admin-mode
1604413764427:user-mode
1604417882955:help
1604417893885:clear
1604417938579:help
1604417947992:admin-mode
1604418022512:user-mode
1604418074511:10000
1604418081007:user-mode
1604418106864:admin-mode
1604418131293:user-mode
1604418181262:admin-mode
1604418212642:user-mode
1604418387064:2
1604418393543:user-mode
1604418476449:admin-mode
1604418524729:user-mode
1604418561297:2
1604418566091:user-mode
1604418811024:admin-mode
1604418839752:user-mode
1604419082354:admin-mode
1604419126863:user-mode
1604422041219:admin-mode
1604422082163:user-mode
1604422346763:admin-mode
1604422378533:user-mode
1604422669890:admin-mode
1604422819753:user-mode
1604422944239:admin-mode
1604422974540:user-mode
1604423089763:admin-mode
1604423134583:user-mode
1604423342380:admin-mode
1604423366285:user-mode
1604451710212:admin-mode
1604451966216:user-mode
1604452124421:admin-mode
1604454051226:user-mode
1604473452274:user-mode mode
1604473805094:admin-mode
1604473861255:user-mode
1604474164934:admin-mode
1604474234827:user-mode
